The system is: Linux - 3.10.0-693.el7.x86_64 - x86_64
Compiling the C compiler identification source file "CMakeCCompilerId.c" succeeded.
Compiler: /usr/bin/gcc 
Build flags: 
Id flags:  

The output was:
0


Compilation of the C compiler identification source "CMakeCCompilerId.c" produced "a.out"

The C compiler identification is GNU, found in "/home/lc/code/study_project/fsm_study/build/CMakeFiles/3.19.1/CompilerIdC/a.out"

Compiling the CXX compiler identification source file "CMakeCXXCompilerId.cpp" succeeded.
Compiler: /usr/bin/g++ 
Build flags: 
Id flags:  

The output was:
0


Compilation of the CXX compiler identification source "CMakeCXXCompilerId.cpp" produced "a.out"

The CXX compiler identification is GNU, found in "/home/lc/code/study_project/fsm_study/build/CMakeFiles/3.19.1/CompilerIdCXX/a.out"

Detecting C compiler ABI info compiled with the following output:
Change Dir: /home/lc/code/study_project/fsm_study/build/CMakeFiles/CMakeTmp

Run Build Command(s):/usr/bin/gmake cmTC_7a448/fast && /usr/bin/gmake  -f CMakeFiles/cmTC_7a448.dir/build.make CMakeFiles/cmTC_7a448.dir/build
gmake[1]: Entering directory `/home/lc/code/study_project/fsm_study/build/CMakeFiles/CMakeTmp'
Building C object CMakeFiles/cmTC_7a448.dir/CMakeCCompilerABI.c.o
/usr/bin/gcc   -v -o CMakeFiles/cmTC_7a448.dir/CMakeCCompilerABI.c.o -c /usr/local/share/cmake-3.19/Modules/CMakeCCompilerABI.c
Using built-in specs.
COLLECT_GCC=/usr/bin/gcc
Target: x86_64-pc-linux-gnu
Configured with: ../gcc-10.2.0/configure --prefix=/usr/lib/gcc/x86_64-redhat-linux/10.2.0/ --enable-checking=release --enable-languages=c,c++ --disable-multilib
Thread model: posix
Supported LTO compression algorithms: zlib
gcc version 10.2.0 (GCC) 
COLLECT_GCC_OPTIONS='-v' '-o' 'CMakeFiles/cmTC_7a448.dir/CMakeCCompilerABI.c.o' '-c' '-mtune=generic' '-march=x86-64'
 /usr/lib/gcc/x86_64-redhat-linux/10.2.0/libexec/gcc/x86_64-pc-linux-gnu/10.2.0/cc1 -quiet -v /usr/local/share/cmake-3.19/Modules/CMakeCCompilerABI.c -quiet -dumpbase CMakeCCompilerABI.c -mtune=generic -march=x86-64 -auxbase-strip CMakeFiles/cmTC_7a448.dir/CMakeCCompilerABI.c.o -version -o /tmp/ccJzpOGi.s
GNU C17 (GCC) version 10.2.0 (x86_64-pc-linux-gnu)
	compiled by GNU C version 10.2.0, GMP version 6.1.0, MPFR version 3.1.4, MPC version 1.0.3, isl version isl-0.18-GMP

GGC heuristics: --param ggc-min-expand=96 --param ggc-min-heapsize=124962
ignoring nonexistent directory "/usr/lib/gcc/x86_64-redhat-linux/10.2.0/lib/gcc/x86_64-pc-linux-gnu/10.2.0/../../../../x86_64-pc-linux-gnu/include"
#include "..." search starts here:
#include <...> search starts here:
 /usr/lib/gcc/x86_64-redhat-linux/10.2.0/lib/gcc/x86_64-pc-linux-gnu/10.2.0/include
 /usr/local/include
 /usr/lib/gcc/x86_64-redhat-linux/10.2.0/include
 /usr/lib/gcc/x86_64-redhat-linux/10.2.0/lib/gcc/x86_64-pc-linux-gnu/10.2.0/include-fixed
 /usr/include
End of search list.
GNU C17 (GCC) version 10.2.0 (x86_64-pc-linux-gnu)
	compiled by GNU C version 10.2.0, GMP version 6.1.0, MPFR version 3.1.4, MPC version 1.0.3, isl version isl-0.18-GMP

GGC heuristics: --param ggc-min-expand=96 --param ggc-min-heapsize=124962
Compiler executable checksum: e29e9e1d785002721ad6103ba9c167aa
COLLECT_GCC_OPTIONS='-v' '-o' 'CMakeFiles/cmTC_7a448.dir/CMakeCCompilerABI.c.o' '-c' '-mtune=generic' '-march=x86-64'
 as -v --64 -o CMakeFiles/cmTC_7a448.dir/CMakeCCompilerABI.c.o /tmp/ccJzpOGi.s
GNU assembler version 2.25.1 (x86_64-redhat-linux) using BFD version version 2.25.1-31.base.el7 
COMPILER_PATH=/usr/lib/gcc/x86_64-redhat-linux/10.2.0/libexec/gcc/x86_64-pc-linux-gnu/10.2.0/:/usr/lib/gcc/x86_64-redhat-linux/10.2.0/libexec/gcc/x86_64-pc-linux-gnu/10.2.0/:/usr/lib/gcc/x86_64-redhat-linux/10.2.0/libexec/gcc/x86_64-pc-linux-gnu/:/usr/lib/gcc/x86_64-redhat-linux/10.2.0/lib/gcc/x86_64-pc-linux-gnu/10.2.0/:/usr/lib/gcc/x86_64-redhat-linux/10.2.0/lib/gcc/x86_64-pc-linux-gnu/
LIBRARY_PATH=/usr/lib/gcc/x86_64-redhat-linux/10.2.0/lib/gcc/x86_64-pc-linux-gnu/10.2.0/:/usr/lib/gcc/x86_64-redhat-linux/10.2.0/lib/gcc/x86_64-pc-linux-gnu/10.2.0/../../../../lib64/:/lib/../lib64/:/usr/lib/../lib64/:/usr/lib/gcc/x86_64-redhat-linux/10.2.0/lib/gcc/x86_64-pc-linux-gnu/10.2.0/../../../:/lib/:/usr/lib/
COLLECT_GCC_OPTIONS='-v' '-o' 'CMakeFiles/cmTC_7a448.dir/CMakeCCompilerABI.c.o' '-c' '-mtune=generic' '-march=x86-64'
Linking C executable cmTC_7a448
/usr/local/bin/cmake -E cmake_link_script CMakeFiles/cmTC_7a448.dir/link.txt --verbose=1
/usr/bin/gcc  -v -rdynamic CMakeFiles/cmTC_7a448.dir/CMakeCCompilerABI.c.o -o cmTC_7a448 
Using built-in specs.
COLLECT_GCC=/usr/bin/gcc
COLLECT_LTO_WRAPPER=/usr/lib/gcc/x86_64-redhat-linux/10.2.0/libexec/gcc/x86_64-pc-linux-gnu/10.2.0/lto-wrapper
Target: x86_64-pc-linux-gnu
Configured with: ../gcc-10.2.0/configure --prefix=/usr/lib/gcc/x86_64-redhat-linux/10.2.0/ --enable-checking=release --enable-languages=c,c++ --disable-multilib
Thread model: posix
Supported LTO compression algorithms: zlib
gcc version 10.2.0 (GCC) 
COMPILER_PATH=/usr/lib/gcc/x86_64-redhat-linux/10.2.0/libexec/gcc/x86_64-pc-linux-gnu/10.2.0/:/usr/lib/gcc/x86_64-redhat-linux/10.2.0/libexec/gcc/x86_64-pc-linux-gnu/10.2.0/:/usr/lib/gcc/x86_64-redhat-linux/10.2.0/libexec/gcc/x86_64-pc-linux-gnu/:/usr/lib/gcc/x86_64-redhat-linux/10.2.0/lib/gcc/x86_64-pc-linux-gnu/10.2.0/:/usr/lib/gcc/x86_64-redhat-linux/10.2.0/lib/gcc/x86_64-pc-linux-gnu/
LIBRARY_PATH=/usr/lib/gcc/x86_64-redhat-linux/10.2.0/lib/gcc/x86_64-pc-linux-gnu/10.2.0/:/usr/lib/gcc/x86_64-redhat-linux/10.2.0/lib/gcc/x86_64-pc-linux-gnu/10.2.0/../../../../lib64/:/lib/../lib64/:/usr/lib/../lib64/:/usr/lib/gcc/x86_64-redhat-linux/10.2.0/lib/gcc/x86_64-pc-linux-gnu/10.2.0/../../../:/lib/:/usr/lib/
COLLECT_GCC_OPTIONS='-v' '-rdynamic' '-o' 'cmTC_7a448' '-mtune=generic' '-march=x86-64'
 /usr/lib/gcc/x86_64-redhat-linux/10.2.0/libexec/gcc/x86_64-pc-linux-gnu/10.2.0/collect2 -plugin /usr/lib/gcc/x86_64-redhat-linux/10.2.0/libexec/gcc/x86_64-pc-linux-gnu/10.2.0/liblto_plugin.so -plugin-opt=/usr/lib/gcc/x86_64-redhat-linux/10.2.0/libexec/gcc/x86_64-pc-linux-gnu/10.2.0/lto-wrapper -plugin-opt=-fresolution=/tmp/ccwbhCVq.res -plugin-opt=-pass-through=-lgcc -plugin-opt=-pass-through=-lgcc_s -plugin-opt=-pass-through=-lc -plugin-opt=-pass-through=-lgcc -plugin-opt=-pass-through=-lgcc_s --eh-frame-hdr -m elf_x86_64 -export-dynamic -dynamic-linker /lib64/ld-linux-x86-64.so.2 -o cmTC_7a448 /lib/../lib64/crt1.o /lib/../lib64/crti.o /usr/lib/gcc/x86_64-redhat-linux/10.2.0/lib/gcc/x86_64-pc-linux-gnu/10.2.0/crtbegin.o -L/usr/lib/gcc/x86_64-redhat-linux/10.2.0/lib/gcc/x86_64-pc-linux-gnu/10.2.0 -L/usr/lib/gcc/x86_64-redhat-linux/10.2.0/lib/gcc/x86_64-pc-linux-gnu/10.2.0/../../../../lib64 -L/lib/../lib64 -L/usr/lib/../lib64 -L/usr/lib/gcc/x86_64-redhat-linux/10.2.0/lib/gcc/x86_64-pc-linux-gnu/10.2.0/../../.. CMakeFiles/cmTC_7a448.dir/CMakeCCompilerABI.c.o -lgcc --as-needed -lgcc_s --no-as-needed -lc -lgcc --as-needed -lgcc_s --no-as-needed /usr/lib/gcc/x86_64-redhat-linux/10.2.0/lib/gcc/x86_64-pc-linux-gnu/10.2.0/crtend.o /lib/../lib64/crtn.o
COLLECT_GCC_OPTIONS='-v' '-rdynamic' '-o' 'cmTC_7a448' '-mtune=generic' '-march=x86-64'
gmake[1]: Leaving directory `/home/lc/code/study_project/fsm_study/build/CMakeFiles/CMakeTmp'



Parsed C implicit include dir info from above output: rv=done
  found start of include info
  found start of implicit include info
    add: [/usr/lib/gcc/x86_64-redhat-linux/10.2.0/lib/gcc/x86_64-pc-linux-gnu/10.2.0/include]
    add: [/usr/local/include]
    add: [/usr/lib/gcc/x86_64-redhat-linux/10.2.0/include]
    add: [/usr/lib/gcc/x86_64-redhat-linux/10.2.0/lib/gcc/x86_64-pc-linux-gnu/10.2.0/include-fixed]
    add: [/usr/include]
  end of search list found
  collapse include dir [/usr/lib/gcc/x86_64-redhat-linux/10.2.0/lib/gcc/x86_64-pc-linux-gnu/10.2.0/include] ==> [/usr/lib/gcc/x86_64-redhat-linux/10.2.0/lib/gcc/x86_64-pc-linux-gnu/10.2.0/include]
  collapse include dir [/usr/local/include] ==> [/usr/local/include]
  collapse include dir [/usr/lib/gcc/x86_64-redhat-linux/10.2.0/include] ==> [/usr/lib/gcc/x86_64-redhat-linux/10.2.0/include]
  collapse include dir [/usr/lib/gcc/x86_64-redhat-linux/10.2.0/lib/gcc/x86_64-pc-linux-gnu/10.2.0/include-fixed] ==> [/usr/lib/gcc/x86_64-redhat-linux/10.2.0/lib/gcc/x86_64-pc-linux-gnu/10.2.0/include-fixed]
  collapse include dir [/usr/include] ==> [/usr/include]
  implicit include dirs: [/usr/lib/gcc/x86_64-redhat-linux/10.2.0/lib/gcc/x86_64-pc-linux-gnu/10.2.0/include;/usr/local/include;/usr/lib/gcc/x86_64-redhat-linux/10.2.0/include;/usr/lib/gcc/x86_64-redhat-linux/10.2.0/lib/gcc/x86_64-pc-linux-gnu/10.2.0/include-fixed;/usr/include]


Parsed C implicit link information from above output:
  link line regex: [^( *|.*[/\])(ld|CMAKE_LINK_STARTFILE-NOTFOUND|([^/\]+-)?ld|collect2)[^/\]*( |$)]
  ignore line: [Change Dir: /home/lc/code/study_project/fsm_study/build/CMakeFiles/CMakeTmp]
  ignore line: []
  ignore line: [Run Build Command(s):/usr/bin/gmake cmTC_7a448/fast && /usr/bin/gmake  -f CMakeFiles/cmTC_7a448.dir/build.make CMakeFiles/cmTC_7a448.dir/build]
  ignore line: [gmake[1]: Entering directory `/home/lc/code/study_project/fsm_study/build/CMakeFiles/CMakeTmp']
  ignore line: [Building C object CMakeFiles/cmTC_7a448.dir/CMakeCCompilerABI.c.o]
  ignore line: [/usr/bin/gcc   -v -o CMakeFiles/cmTC_7a448.dir/CMakeCCompilerABI.c.o -c /usr/local/share/cmake-3.19/Modules/CMakeCCompilerABI.c]
  ignore line: [Using built-in specs.]
  ignore line: [COLLECT_GCC=/usr/bin/gcc]
  ignore line: [Target: x86_64-pc-linux-gnu]
  ignore line: [Configured with: ../gcc-10.2.0/configure --prefix=/usr/lib/gcc/x86_64-redhat-linux/10.2.0/ --enable-checking=release --enable-languages=c c++ --disable-multilib]
  ignore line: [Thread model: posix]
  ignore line: [Supported LTO compression algorithms: zlib]
  ignore line: [gcc version 10.2.0 (GCC) ]
  ignore line: [COLLECT_GCC_OPTIONS='-v' '-o' 'CMakeFiles/cmTC_7a448.dir/CMakeCCompilerABI.c.o' '-c' '-mtune=generic' '-march=x86-64']
  ignore line: [ /usr/lib/gcc/x86_64-redhat-linux/10.2.0/libexec/gcc/x86_64-pc-linux-gnu/10.2.0/cc1 -quiet -v /usr/local/share/cmake-3.19/Modules/CMakeCCompilerABI.c -quiet -dumpbase CMakeCCompilerABI.c -mtune=generic -march=x86-64 -auxbase-strip CMakeFiles/cmTC_7a448.dir/CMakeCCompilerABI.c.o -version -o /tmp/ccJzpOGi.s]
  ignore line: [GNU C17 (GCC) version 10.2.0 (x86_64-pc-linux-gnu)]
  ignore line: [	compiled by GNU C version 10.2.0  GMP version 6.1.0  MPFR version 3.1.4  MPC version 1.0.3  isl version isl-0.18-GMP]
  ignore line: []
  ignore line: [GGC heuristics: --param ggc-min-expand=96 --param ggc-min-heapsize=124962]
  ignore line: [ignoring nonexistent directory "/usr/lib/gcc/x86_64-redhat-linux/10.2.0/lib/gcc/x86_64-pc-linux-gnu/10.2.0/../../../../x86_64-pc-linux-gnu/include"]
  ignore line: [#include "..." search starts here:]
  ignore line: [#include <...> search starts here:]
  ignore line: [ /usr/lib/gcc/x86_64-redhat-linux/10.2.0/lib/gcc/x86_64-pc-linux-gnu/10.2.0/include]
  ignore line: [ /usr/local/include]
  ignore line: [ /usr/lib/gcc/x86_64-redhat-linux/10.2.0/include]
  ignore line: [ /usr/lib/gcc/x86_64-redhat-linux/10.2.0/lib/gcc/x86_64-pc-linux-gnu/10.2.0/include-fixed]
  ignore line: [ /usr/include]
  ignore line: [End of search list.]
  ignore line: [GNU C17 (GCC) version 10.2.0 (x86_64-pc-linux-gnu)]
  ignore line: [	compiled by GNU C version 10.2.0  GMP version 6.1.0  MPFR version 3.1.4  MPC version 1.0.3  isl version isl-0.18-GMP]
  ignore line: []
  ignore line: [GGC heuristics: --param ggc-min-expand=96 --param ggc-min-heapsize=124962]
  ignore line: [Compiler executable checksum: e29e9e1d785002721ad6103ba9c167aa]
  ignore line: [COLLECT_GCC_OPTIONS='-v' '-o' 'CMakeFiles/cmTC_7a448.dir/CMakeCCompilerABI.c.o' '-c' '-mtune=generic' '-march=x86-64']
  ignore line: [ as -v --64 -o CMakeFiles/cmTC_7a448.dir/CMakeCCompilerABI.c.o /tmp/ccJzpOGi.s]
  ignore line: [GNU assembler version 2.25.1 (x86_64-redhat-linux) using BFD version version 2.25.1-31.base.el7 ]
  ignore line: [COMPILER_PATH=/usr/lib/gcc/x86_64-redhat-linux/10.2.0/libexec/gcc/x86_64-pc-linux-gnu/10.2.0/:/usr/lib/gcc/x86_64-redhat-linux/10.2.0/libexec/gcc/x86_64-pc-linux-gnu/10.2.0/:/usr/lib/gcc/x86_64-redhat-linux/10.2.0/libexec/gcc/x86_64-pc-linux-gnu/:/usr/lib/gcc/x86_64-redhat-linux/10.2.0/lib/gcc/x86_64-pc-linux-gnu/10.2.0/:/usr/lib/gcc/x86_64-redhat-linux/10.2.0/lib/gcc/x86_64-pc-linux-gnu/]
  ignore line: [LIBRARY_PATH=/usr/lib/gcc/x86_64-redhat-linux/10.2.0/lib/gcc/x86_64-pc-linux-gnu/10.2.0/:/usr/lib/gcc/x86_64-redhat-linux/10.2.0/lib/gcc/x86_64-pc-linux-gnu/10.2.0/../../../../lib64/:/lib/../lib64/:/usr/lib/../lib64/:/usr/lib/gcc/x86_64-redhat-linux/10.2.0/lib/gcc/x86_64-pc-linux-gnu/10.2.0/../../../:/lib/:/usr/lib/]
  ignore line: [COLLECT_GCC_OPTIONS='-v' '-o' 'CMakeFiles/cmTC_7a448.dir/CMakeCCompilerABI.c.o' '-c' '-mtune=generic' '-march=x86-64']
  ignore line: [Linking C executable cmTC_7a448]
  ignore line: [/usr/local/bin/cmake -E cmake_link_script CMakeFiles/cmTC_7a448.dir/link.txt --verbose=1]
  ignore line: [/usr/bin/gcc  -v -rdynamic CMakeFiles/cmTC_7a448.dir/CMakeCCompilerABI.c.o -o cmTC_7a448 ]
  ignore line: [Using built-in specs.]
  ignore line: [COLLECT_GCC=/usr/bin/gcc]
  ignore line: [COLLECT_LTO_WRAPPER=/usr/lib/gcc/x86_64-redhat-linux/10.2.0/libexec/gcc/x86_64-pc-linux-gnu/10.2.0/lto-wrapper]
  ignore line: [Target: x86_64-pc-linux-gnu]
  ignore line: [Configured with: ../gcc-10.2.0/configure --prefix=/usr/lib/gcc/x86_64-redhat-linux/10.2.0/ --enable-checking=release --enable-languages=c c++ --disable-multilib]
  ignore line: [Thread model: posix]
  ignore line: [Supported LTO compression algorithms: zlib]
  ignore line: [gcc version 10.2.0 (GCC) ]
  ignore line: [COMPILER_PATH=/usr/lib/gcc/x86_64-redhat-linux/10.2.0/libexec/gcc/x86_64-pc-linux-gnu/10.2.0/:/usr/lib/gcc/x86_64-redhat-linux/10.2.0/libexec/gcc/x86_64-pc-linux-gnu/10.2.0/:/usr/lib/gcc/x86_64-redhat-linux/10.2.0/libexec/gcc/x86_64-pc-linux-gnu/:/usr/lib/gcc/x86_64-redhat-linux/10.2.0/lib/gcc/x86_64-pc-linux-gnu/10.2.0/:/usr/lib/gcc/x86_64-redhat-linux/10.2.0/lib/gcc/x86_64-pc-linux-gnu/]
  ignore line: [LIBRARY_PATH=/usr/lib/gcc/x86_64-redhat-linux/10.2.0/lib/gcc/x86_64-pc-linux-gnu/10.2.0/:/usr/lib/gcc/x86_64-redhat-linux/10.2.0/lib/gcc/x86_64-pc-linux-gnu/10.2.0/../../../../lib64/:/lib/../lib64/:/usr/lib/../lib64/:/usr/lib/gcc/x86_64-redhat-linux/10.2.0/lib/gcc/x86_64-pc-linux-gnu/10.2.0/../../../:/lib/:/usr/lib/]
  ignore line: [COLLECT_GCC_OPTIONS='-v' '-rdynamic' '-o' 'cmTC_7a448' '-mtune=generic' '-march=x86-64']
  link line: [ /usr/lib/gcc/x86_64-redhat-linux/10.2.0/libexec/gcc/x86_64-pc-linux-gnu/10.2.0/collect2 -plugin /usr/lib/gcc/x86_64-redhat-linux/10.2.0/libexec/gcc/x86_64-pc-linux-gnu/10.2.0/liblto_plugin.so -plugin-opt=/usr/lib/gcc/x86_64-redhat-linux/10.2.0/libexec/gcc/x86_64-pc-linux-gnu/10.2.0/lto-wrapper -plugin-opt=-fresolution=/tmp/ccwbhCVq.res -plugin-opt=-pass-through=-lgcc -plugin-opt=-pass-through=-lgcc_s -plugin-opt=-pass-through=-lc -plugin-opt=-pass-through=-lgcc -plugin-opt=-pass-through=-lgcc_s --eh-frame-hdr -m elf_x86_64 -export-dynamic -dynamic-linker /lib64/ld-linux-x86-64.so.2 -o cmTC_7a448 /lib/../lib64/crt1.o /lib/../lib64/crti.o /usr/lib/gcc/x86_64-redhat-linux/10.2.0/lib/gcc/x86_64-pc-linux-gnu/10.2.0/crtbegin.o -L/usr/lib/gcc/x86_64-redhat-linux/10.2.0/lib/gcc/x86_64-pc-linux-gnu/10.2.0 -L/usr/lib/gcc/x86_64-redhat-linux/10.2.0/lib/gcc/x86_64-pc-linux-gnu/10.2.0/../../../../lib64 -L/lib/../lib64 -L/usr/lib/../lib64 -L/usr/lib/gcc/x86_64-redhat-linux/10.2.0/lib/gcc/x86_64-pc-linux-gnu/10.2.0/../../.. CMakeFiles/cmTC_7a448.dir/CMakeCCompilerABI.c.o -lgcc --as-needed -lgcc_s --no-as-needed -lc -lgcc --as-needed -lgcc_s --no-as-needed /usr/lib/gcc/x86_64-redhat-linux/10.2.0/lib/gcc/x86_64-pc-linux-gnu/10.2.0/crtend.o /lib/../lib64/crtn.o]
    arg [/usr/lib/gcc/x86_64-redhat-linux/10.2.0/libexec/gcc/x86_64-pc-linux-gnu/10.2.0/collect2] ==> ignore
    arg [-plugin] ==> ignore
    arg [/usr/lib/gcc/x86_64-redhat-linux/10.2.0/libexec/gcc/x86_64-pc-linux-gnu/10.2.0/liblto_plugin.so] ==> ignore
    arg [-plugin-opt=/usr/lib/gcc/x86_64-redhat-linux/10.2.0/libexec/gcc/x86_64-pc-linux-gnu/10.2.0/lto-wrapper] ==> ignore
    arg [-plugin-opt=-fresolution=/tmp/ccwbhCVq.res] ==> ignore
    arg [-plugin-opt=-pass-through=-lgcc] ==> ignore
    arg [-plugin-opt=-pass-through=-lgcc_s] ==> ignore
    arg [-plugin-opt=-pass-through=-lc] ==> ignore
    arg [-plugin-opt=-pass-through=-lgcc] ==> ignore
    arg [-plugin-opt=-pass-through=-lgcc_s] ==> ignore
    arg [--eh-frame-hdr] ==> ignore
    arg [-m] ==> ignore
    arg [elf_x86_64] ==> ignore
    arg [-export-dynamic] ==> ignore
    arg [-dynamic-linker] ==> ignore
    arg [/lib64/ld-linux-x86-64.so.2] ==> ignore
    arg [-o] ==> ignore
    arg [cmTC_7a448] ==> ignore
    arg [/lib/../lib64/crt1.o] ==> ignore
    arg [/lib/../lib64/crti.o] ==> ignore
    arg [/usr/lib/gcc/x86_64-redhat-linux/10.2.0/lib/gcc/x86_64-pc-linux-gnu/10.2.0/crtbegin.o] ==> ignore
    arg [-L/usr/lib/gcc/x86_64-redhat-linux/10.2.0/lib/gcc/x86_64-pc-linux-gnu/10.2.0] ==> dir [/usr/lib/gcc/x86_64-redhat-linux/10.2.0/lib/gcc/x86_64-pc-linux-gnu/10.2.0]
    arg [-L/usr/lib/gcc/x86_64-redhat-linux/10.2.0/lib/gcc/x86_64-pc-linux-gnu/10.2.0/../../../../lib64] ==> dir [/usr/lib/gcc/x86_64-redhat-linux/10.2.0/lib/gcc/x86_64-pc-linux-gnu/10.2.0/../../../../lib64]
    arg [-L/lib/../lib64] ==> dir [/lib/../lib64]
    arg [-L/usr/lib/../lib64] ==> dir [/usr/lib/../lib64]
    arg [-L/usr/lib/gcc/x86_64-redhat-linux/10.2.0/lib/gcc/x86_64-pc-linux-gnu/10.2.0/../../..] ==> dir [/usr/lib/gcc/x86_64-redhat-linux/10.2.0/lib/gcc/x86_64-pc-linux-gnu/10.2.0/../../..]
    arg [CMakeFiles/cmTC_7a448.dir/CMakeCCompilerABI.c.o] ==> ignore
    arg [-lgcc] ==> lib [gcc]
    arg [--as-needed] ==> ignore
    arg [-lgcc_s] ==> lib [gcc_s]
    arg [--no-as-needed] ==> ignore
    arg [-lc] ==> lib [c]
    arg [-lgcc] ==> lib [gcc]
    arg [--as-needed] ==> ignore
    arg [-lgcc_s] ==> lib [gcc_s]
    arg [--no-as-needed] ==> ignore
    arg [/usr/lib/gcc/x86_64-redhat-linux/10.2.0/lib/gcc/x86_64-pc-linux-gnu/10.2.0/crtend.o] ==> ignore
    arg [/lib/../lib64/crtn.o] ==> ignore
  collapse library dir [/usr/lib/gcc/x86_64-redhat-linux/10.2.0/lib/gcc/x86_64-pc-linux-gnu/10.2.0] ==> [/usr/lib/gcc/x86_64-redhat-linux/10.2.0/lib/gcc/x86_64-pc-linux-gnu/10.2.0]
  collapse library dir [/usr/lib/gcc/x86_64-redhat-linux/10.2.0/lib/gcc/x86_64-pc-linux-gnu/10.2.0/../../../../lib64] ==> [/usr/lib/gcc/x86_64-redhat-linux/10.2.0/lib64]
  collapse library dir [/lib/../lib64] ==> [/lib64]
  collapse library dir [/usr/lib/../lib64] ==> [/usr/lib64]
  collapse library dir [/usr/lib/gcc/x86_64-redhat-linux/10.2.0/lib/gcc/x86_64-pc-linux-gnu/10.2.0/../../..] ==> [/usr/lib/gcc/x86_64-redhat-linux/10.2.0/lib]
  implicit libs: [gcc;gcc_s;c;gcc;gcc_s]
  implicit dirs: [/usr/lib/gcc/x86_64-redhat-linux/10.2.0/lib/gcc/x86_64-pc-linux-gnu/10.2.0;/usr/lib/gcc/x86_64-redhat-linux/10.2.0/lib64;/lib64;/usr/lib64;/usr/lib/gcc/x86_64-redhat-linux/10.2.0/lib]
  implicit fwks: []


Detecting CXX compiler ABI info compiled with the following output:
Change Dir: /home/lc/code/study_project/fsm_study/build/CMakeFiles/CMakeTmp

Run Build Command(s):/usr/bin/gmake cmTC_f97c0/fast && /usr/bin/gmake  -f CMakeFiles/cmTC_f97c0.dir/build.make CMakeFiles/cmTC_f97c0.dir/build
gmake[1]: Entering directory `/home/lc/code/study_project/fsm_study/build/CMakeFiles/CMakeTmp'
Building CXX object CMakeFiles/cmTC_f97c0.dir/CMakeCXXCompilerABI.cpp.o
/usr/bin/g++   -v -o CMakeFiles/cmTC_f97c0.dir/CMakeCXXCompilerABI.cpp.o -c /usr/local/share/cmake-3.19/Modules/CMakeCXXCompilerABI.cpp
Using built-in specs.
COLLECT_GCC=/usr/bin/g++
Target: x86_64-pc-linux-gnu
Configured with: ../gcc-10.2.0/configure --prefix=/usr/lib/gcc/x86_64-redhat-linux/10.2.0/ --enable-checking=release --enable-languages=c,c++ --disable-multilib
Thread model: posix
Supported LTO compression algorithms: zlib
gcc version 10.2.0 (GCC) 
COLLECT_GCC_OPTIONS='-v' '-o' 'CMakeFiles/cmTC_f97c0.dir/CMakeCXXCompilerABI.cpp.o' '-c' '-shared-libgcc' '-mtune=generic' '-march=x86-64'
 /usr/lib/gcc/x86_64-redhat-linux/10.2.0/libexec/gcc/x86_64-pc-linux-gnu/10.2.0/cc1plus -quiet -v -D_GNU_SOURCE /usr/local/share/cmake-3.19/Modules/CMakeCXXCompilerABI.cpp -quiet -dumpbase CMakeCXXCompilerABI.cpp -mtune=generic -march=x86-64 -auxbase-strip CMakeFiles/cmTC_f97c0.dir/CMakeCXXCompilerABI.cpp.o -version -o /tmp/ccqyMWKG.s
GNU C++14 (GCC) version 10.2.0 (x86_64-pc-linux-gnu)
	compiled by GNU C version 10.2.0, GMP version 6.1.0, MPFR version 3.1.4, MPC version 1.0.3, isl version isl-0.18-GMP

GGC heuristics: --param ggc-min-expand=96 --param ggc-min-heapsize=124962
ignoring nonexistent directory "/usr/lib/gcc/x86_64-redhat-linux/10.2.0/lib/gcc/x86_64-pc-linux-gnu/10.2.0/../../../../x86_64-pc-linux-gnu/include"
#include "..." search starts here:
#include <...> search starts here:
 /usr/lib/gcc/x86_64-redhat-linux/10.2.0/lib/gcc/x86_64-pc-linux-gnu/10.2.0/../../../../include/c++/10.2.0
 /usr/lib/gcc/x86_64-redhat-linux/10.2.0/lib/gcc/x86_64-pc-linux-gnu/10.2.0/../../../../include/c++/10.2.0/x86_64-pc-linux-gnu
 /usr/lib/gcc/x86_64-redhat-linux/10.2.0/lib/gcc/x86_64-pc-linux-gnu/10.2.0/../../../../include/c++/10.2.0/backward
 /usr/lib/gcc/x86_64-redhat-linux/10.2.0/lib/gcc/x86_64-pc-linux-gnu/10.2.0/include
 /usr/local/include
 /usr/lib/gcc/x86_64-redhat-linux/10.2.0/include
 /usr/lib/gcc/x86_64-redhat-linux/10.2.0/lib/gcc/x86_64-pc-linux-gnu/10.2.0/include-fixed
 /usr/include
End of search list.
GNU C++14 (GCC) version 10.2.0 (x86_64-pc-linux-gnu)
	compiled by GNU C version 10.2.0, GMP version 6.1.0, MPFR version 3.1.4, MPC version 1.0.3, isl version isl-0.18-GMP

GGC heuristics: --param ggc-min-expand=96 --param ggc-min-heapsize=124962
Compiler executable checksum: 8803fbdbaba4523b3f7d542491c901a2
COLLECT_GCC_OPTIONS='-v' '-o' 'CMakeFiles/cmTC_f97c0.dir/CMakeCXXCompilerABI.cpp.o' '-c' '-shared-libgcc' '-mtune=generic' '-march=x86-64'
 as -v --64 -o CMakeFiles/cmTC_f97c0.dir/CMakeCXXCompilerABI.cpp.o /tmp/ccqyMWKG.s
GNU assembler version 2.25.1 (x86_64-redhat-linux) using BFD version version 2.25.1-31.base.el7 
COMPILER_PATH=/usr/lib/gcc/x86_64-redhat-linux/10.2.0/libexec/gcc/x86_64-pc-linux-gnu/10.2.0/:/usr/lib/gcc/x86_64-redhat-linux/10.2.0/libexec/gcc/x86_64-pc-linux-gnu/10.2.0/:/usr/lib/gcc/x86_64-redhat-linux/10.2.0/libexec/gcc/x86_64-pc-linux-gnu/:/usr/lib/gcc/x86_64-redhat-linux/10.2.0/lib/gcc/x86_64-pc-linux-gnu/10.2.0/:/usr/lib/gcc/x86_64-redhat-linux/10.2.0/lib/gcc/x86_64-pc-linux-gnu/
LIBRARY_PATH=/usr/lib/gcc/x86_64-redhat-linux/10.2.0/lib/gcc/x86_64-pc-linux-gnu/10.2.0/:/usr/lib/gcc/x86_64-redhat-linux/10.2.0/lib/gcc/x86_64-pc-linux-gnu/10.2.0/../../../../lib64/:/lib/../lib64/:/usr/lib/../lib64/:/usr/lib/gcc/x86_64-redhat-linux/10.2.0/lib/gcc/x86_64-pc-linux-gnu/10.2.0/../../../:/lib/:/usr/lib/
COLLECT_GCC_OPTIONS='-v' '-o' 'CMakeFiles/cmTC_f97c0.dir/CMakeCXXCompilerABI.cpp.o' '-c' '-shared-libgcc' '-mtune=generic' '-march=x86-64'
Linking CXX executable cmTC_f97c0
/usr/local/bin/cmake -E cmake_link_script CMakeFiles/cmTC_f97c0.dir/link.txt --verbose=1
/usr/bin/g++  -v -rdynamic CMakeFiles/cmTC_f97c0.dir/CMakeCXXCompilerABI.cpp.o -o cmTC_f97c0 
Using built-in specs.
COLLECT_GCC=/usr/bin/g++
COLLECT_LTO_WRAPPER=/usr/lib/gcc/x86_64-redhat-linux/10.2.0/libexec/gcc/x86_64-pc-linux-gnu/10.2.0/lto-wrapper
Target: x86_64-pc-linux-gnu
Configured with: ../gcc-10.2.0/configure --prefix=/usr/lib/gcc/x86_64-redhat-linux/10.2.0/ --enable-checking=release --enable-languages=c,c++ --disable-multilib
Thread model: posix
Supported LTO compression algorithms: zlib
gcc version 10.2.0 (GCC) 
COMPILER_PATH=/usr/lib/gcc/x86_64-redhat-linux/10.2.0/libexec/gcc/x86_64-pc-linux-gnu/10.2.0/:/usr/lib/gcc/x86_64-redhat-linux/10.2.0/libexec/gcc/x86_64-pc-linux-gnu/10.2.0/:/usr/lib/gcc/x86_64-redhat-linux/10.2.0/libexec/gcc/x86_64-pc-linux-gnu/:/usr/lib/gcc/x86_64-redhat-linux/10.2.0/lib/gcc/x86_64-pc-linux-gnu/10.2.0/:/usr/lib/gcc/x86_64-redhat-linux/10.2.0/lib/gcc/x86_64-pc-linux-gnu/
LIBRARY_PATH=/usr/lib/gcc/x86_64-redhat-linux/10.2.0/lib/gcc/x86_64-pc-linux-gnu/10.2.0/:/usr/lib/gcc/x86_64-redhat-linux/10.2.0/lib/gcc/x86_64-pc-linux-gnu/10.2.0/../../../../lib64/:/lib/../lib64/:/usr/lib/../lib64/:/usr/lib/gcc/x86_64-redhat-linux/10.2.0/lib/gcc/x86_64-pc-linux-gnu/10.2.0/../../../:/lib/:/usr/lib/
COLLECT_GCC_OPTIONS='-v' '-rdynamic' '-o' 'cmTC_f97c0' '-shared-libgcc' '-mtune=generic' '-march=x86-64'
 /usr/lib/gcc/x86_64-redhat-linux/10.2.0/libexec/gcc/x86_64-pc-linux-gnu/10.2.0/collect2 -plugin /usr/lib/gcc/x86_64-redhat-linux/10.2.0/libexec/gcc/x86_64-pc-linux-gnu/10.2.0/liblto_plugin.so -plugin-opt=/usr/lib/gcc/x86_64-redhat-linux/10.2.0/libexec/gcc/x86_64-pc-linux-gnu/10.2.0/lto-wrapper -plugin-opt=-fresolution=/tmp/ccX8yLm4.res -plugin-opt=-pass-through=-lgcc_s -plugin-opt=-pass-through=-lgcc -plugin-opt=-pass-through=-lc -plugin-opt=-pass-through=-lgcc_s -plugin-opt=-pass-through=-lgcc --eh-frame-hdr -m elf_x86_64 -export-dynamic -dynamic-linker /lib64/ld-linux-x86-64.so.2 -o cmTC_f97c0 /lib/../lib64/crt1.o /lib/../lib64/crti.o /usr/lib/gcc/x86_64-redhat-linux/10.2.0/lib/gcc/x86_64-pc-linux-gnu/10.2.0/crtbegin.o -L/usr/lib/gcc/x86_64-redhat-linux/10.2.0/lib/gcc/x86_64-pc-linux-gnu/10.2.0 -L/usr/lib/gcc/x86_64-redhat-linux/10.2.0/lib/gcc/x86_64-pc-linux-gnu/10.2.0/../../../../lib64 -L/lib/../lib64 -L/usr/lib/../lib64 -L/usr/lib/gcc/x86_64-redhat-linux/10.2.0/lib/gcc/x86_64-pc-linux-gnu/10.2.0/../../.. CMakeFiles/cmTC_f97c0.dir/CMakeCXXCompilerABI.cpp.o -lstdc++ -lm -lgcc_s -lgcc -lc -lgcc_s -lgcc /usr/lib/gcc/x86_64-redhat-linux/10.2.0/lib/gcc/x86_64-pc-linux-gnu/10.2.0/crtend.o /lib/../lib64/crtn.o
COLLECT_GCC_OPTIONS='-v' '-rdynamic' '-o' 'cmTC_f97c0' '-shared-libgcc' '-mtune=generic' '-march=x86-64'
gmake[1]: Leaving directory `/home/lc/code/study_project/fsm_study/build/CMakeFiles/CMakeTmp'



Parsed CXX implicit include dir info from above output: rv=done
  found start of include info
  found start of implicit include info
    add: [/usr/lib/gcc/x86_64-redhat-linux/10.2.0/lib/gcc/x86_64-pc-linux-gnu/10.2.0/../../../../include/c++/10.2.0]
    add: [/usr/lib/gcc/x86_64-redhat-linux/10.2.0/lib/gcc/x86_64-pc-linux-gnu/10.2.0/../../../../include/c++/10.2.0/x86_64-pc-linux-gnu]
    add: [/usr/lib/gcc/x86_64-redhat-linux/10.2.0/lib/gcc/x86_64-pc-linux-gnu/10.2.0/../../../../include/c++/10.2.0/backward]
    add: [/usr/lib/gcc/x86_64-redhat-linux/10.2.0/lib/gcc/x86_64-pc-linux-gnu/10.2.0/include]
    add: [/usr/local/include]
    add: [/usr/lib/gcc/x86_64-redhat-linux/10.2.0/include]
    add: [/usr/lib/gcc/x86_64-redhat-linux/10.2.0/lib/gcc/x86_64-pc-linux-gnu/10.2.0/include-fixed]
    add: [/usr/include]
  end of search list found
  collapse include dir [/usr/lib/gcc/x86_64-redhat-linux/10.2.0/lib/gcc/x86_64-pc-linux-gnu/10.2.0/../../../../include/c++/10.2.0] ==> [/usr/lib/gcc/x86_64-redhat-linux/10.2.0/include/c++/10.2.0]
  collapse include dir [/usr/lib/gcc/x86_64-redhat-linux/10.2.0/lib/gcc/x86_64-pc-linux-gnu/10.2.0/../../../../include/c++/10.2.0/x86_64-pc-linux-gnu] ==> [/usr/lib/gcc/x86_64-redhat-linux/10.2.0/include/c++/10.2.0/x86_64-pc-linux-gnu]
  collapse include dir [/usr/lib/gcc/x86_64-redhat-linux/10.2.0/lib/gcc/x86_64-pc-linux-gnu/10.2.0/../../../../include/c++/10.2.0/backward] ==> [/usr/lib/gcc/x86_64-redhat-linux/10.2.0/include/c++/10.2.0/backward]
  collapse include dir [/usr/lib/gcc/x86_64-redhat-linux/10.2.0/lib/gcc/x86_64-pc-linux-gnu/10.2.0/include] ==> [/usr/lib/gcc/x86_64-redhat-linux/10.2.0/lib/gcc/x86_64-pc-linux-gnu/10.2.0/include]
  collapse include dir [/usr/local/include] ==> [/usr/local/include]
  collapse include dir [/usr/lib/gcc/x86_64-redhat-linux/10.2.0/include] ==> [/usr/lib/gcc/x86_64-redhat-linux/10.2.0/include]
  collapse include dir [/usr/lib/gcc/x86_64-redhat-linux/10.2.0/lib/gcc/x86_64-pc-linux-gnu/10.2.0/include-fixed] ==> [/usr/lib/gcc/x86_64-redhat-linux/10.2.0/lib/gcc/x86_64-pc-linux-gnu/10.2.0/include-fixed]
  collapse include dir [/usr/include] ==> [/usr/include]
  implicit include dirs: [/usr/lib/gcc/x86_64-redhat-linux/10.2.0/include/c++/10.2.0;/usr/lib/gcc/x86_64-redhat-linux/10.2.0/include/c++/10.2.0/x86_64-pc-linux-gnu;/usr/lib/gcc/x86_64-redhat-linux/10.2.0/include/c++/10.2.0/backward;/usr/lib/gcc/x86_64-redhat-linux/10.2.0/lib/gcc/x86_64-pc-linux-gnu/10.2.0/include;/usr/local/include;/usr/lib/gcc/x86_64-redhat-linux/10.2.0/include;/usr/lib/gcc/x86_64-redhat-linux/10.2.0/lib/gcc/x86_64-pc-linux-gnu/10.2.0/include-fixed;/usr/include]


Parsed CXX implicit link information from above output:
  link line regex: [^( *|.*[/\])(ld|CMAKE_LINK_STARTFILE-NOTFOUND|([^/\]+-)?ld|collect2)[^/\]*( |$)]
  ignore line: [Change Dir: /home/lc/code/study_project/fsm_study/build/CMakeFiles/CMakeTmp]
  ignore line: []
  ignore line: [Run Build Command(s):/usr/bin/gmake cmTC_f97c0/fast && /usr/bin/gmake  -f CMakeFiles/cmTC_f97c0.dir/build.make CMakeFiles/cmTC_f97c0.dir/build]
  ignore line: [gmake[1]: Entering directory `/home/lc/code/study_project/fsm_study/build/CMakeFiles/CMakeTmp']
  ignore line: [Building CXX object CMakeFiles/cmTC_f97c0.dir/CMakeCXXCompilerABI.cpp.o]
  ignore line: [/usr/bin/g++   -v -o CMakeFiles/cmTC_f97c0.dir/CMakeCXXCompilerABI.cpp.o -c /usr/local/share/cmake-3.19/Modules/CMakeCXXCompilerABI.cpp]
  ignore line: [Using built-in specs.]
  ignore line: [COLLECT_GCC=/usr/bin/g++]
  ignore line: [Target: x86_64-pc-linux-gnu]
  ignore line: [Configured with: ../gcc-10.2.0/configure --prefix=/usr/lib/gcc/x86_64-redhat-linux/10.2.0/ --enable-checking=release --enable-languages=c c++ --disable-multilib]
  ignore line: [Thread model: posix]
  ignore line: [Supported LTO compression algorithms: zlib]
  ignore line: [gcc version 10.2.0 (GCC) ]
  ignore line: [COLLECT_GCC_OPTIONS='-v' '-o' 'CMakeFiles/cmTC_f97c0.dir/CMakeCXXCompilerABI.cpp.o' '-c' '-shared-libgcc' '-mtune=generic' '-march=x86-64']
  ignore line: [ /usr/lib/gcc/x86_64-redhat-linux/10.2.0/libexec/gcc/x86_64-pc-linux-gnu/10.2.0/cc1plus -quiet -v -D_GNU_SOURCE /usr/local/share/cmake-3.19/Modules/CMakeCXXCompilerABI.cpp -quiet -dumpbase CMakeCXXCompilerABI.cpp -mtune=generic -march=x86-64 -auxbase-strip CMakeFiles/cmTC_f97c0.dir/CMakeCXXCompilerABI.cpp.o -version -o /tmp/ccqyMWKG.s]
  ignore line: [GNU C++14 (GCC) version 10.2.0 (x86_64-pc-linux-gnu)]
  ignore line: [	compiled by GNU C version 10.2.0  GMP version 6.1.0  MPFR version 3.1.4  MPC version 1.0.3  isl version isl-0.18-GMP]
  ignore line: []
  ignore line: [GGC heuristics: --param ggc-min-expand=96 --param ggc-min-heapsize=124962]
  ignore line: [ignoring nonexistent directory "/usr/lib/gcc/x86_64-redhat-linux/10.2.0/lib/gcc/x86_64-pc-linux-gnu/10.2.0/../../../../x86_64-pc-linux-gnu/include"]
  ignore line: [#include "..." search starts here:]
  ignore line: [#include <...> search starts here:]
  ignore line: [ /usr/lib/gcc/x86_64-redhat-linux/10.2.0/lib/gcc/x86_64-pc-linux-gnu/10.2.0/../../../../include/c++/10.2.0]
  ignore line: [ /usr/lib/gcc/x86_64-redhat-linux/10.2.0/lib/gcc/x86_64-pc-linux-gnu/10.2.0/../../../../include/c++/10.2.0/x86_64-pc-linux-gnu]
  ignore line: [ /usr/lib/gcc/x86_64-redhat-linux/10.2.0/lib/gcc/x86_64-pc-linux-gnu/10.2.0/../../../../include/c++/10.2.0/backward]
  ignore line: [ /usr/lib/gcc/x86_64-redhat-linux/10.2.0/lib/gcc/x86_64-pc-linux-gnu/10.2.0/include]
  ignore line: [ /usr/local/include]
  ignore line: [ /usr/lib/gcc/x86_64-redhat-linux/10.2.0/include]
  ignore line: [ /usr/lib/gcc/x86_64-redhat-linux/10.2.0/lib/gcc/x86_64-pc-linux-gnu/10.2.0/include-fixed]
  ignore line: [ /usr/include]
  ignore line: [End of search list.]
  ignore line: [GNU C++14 (GCC) version 10.2.0 (x86_64-pc-linux-gnu)]
  ignore line: [	compiled by GNU C version 10.2.0  GMP version 6.1.0  MPFR version 3.1.4  MPC version 1.0.3  isl version isl-0.18-GMP]
  ignore line: []
  ignore line: [GGC heuristics: --param ggc-min-expand=96 --param ggc-min-heapsize=124962]
  ignore line: [Compiler executable checksum: 8803fbdbaba4523b3f7d542491c901a2]
  ignore line: [COLLECT_GCC_OPTIONS='-v' '-o' 'CMakeFiles/cmTC_f97c0.dir/CMakeCXXCompilerABI.cpp.o' '-c' '-shared-libgcc' '-mtune=generic' '-march=x86-64']
  ignore line: [ as -v --64 -o CMakeFiles/cmTC_f97c0.dir/CMakeCXXCompilerABI.cpp.o /tmp/ccqyMWKG.s]
  ignore line: [GNU assembler version 2.25.1 (x86_64-redhat-linux) using BFD version version 2.25.1-31.base.el7 ]
  ignore line: [COMPILER_PATH=/usr/lib/gcc/x86_64-redhat-linux/10.2.0/libexec/gcc/x86_64-pc-linux-gnu/10.2.0/:/usr/lib/gcc/x86_64-redhat-linux/10.2.0/libexec/gcc/x86_64-pc-linux-gnu/10.2.0/:/usr/lib/gcc/x86_64-redhat-linux/10.2.0/libexec/gcc/x86_64-pc-linux-gnu/:/usr/lib/gcc/x86_64-redhat-linux/10.2.0/lib/gcc/x86_64-pc-linux-gnu/10.2.0/:/usr/lib/gcc/x86_64-redhat-linux/10.2.0/lib/gcc/x86_64-pc-linux-gnu/]
  ignore line: [LIBRARY_PATH=/usr/lib/gcc/x86_64-redhat-linux/10.2.0/lib/gcc/x86_64-pc-linux-gnu/10.2.0/:/usr/lib/gcc/x86_64-redhat-linux/10.2.0/lib/gcc/x86_64-pc-linux-gnu/10.2.0/../../../../lib64/:/lib/../lib64/:/usr/lib/../lib64/:/usr/lib/gcc/x86_64-redhat-linux/10.2.0/lib/gcc/x86_64-pc-linux-gnu/10.2.0/../../../:/lib/:/usr/lib/]
  ignore line: [COLLECT_GCC_OPTIONS='-v' '-o' 'CMakeFiles/cmTC_f97c0.dir/CMakeCXXCompilerABI.cpp.o' '-c' '-shared-libgcc' '-mtune=generic' '-march=x86-64']
  ignore line: [Linking CXX executable cmTC_f97c0]
  ignore line: [/usr/local/bin/cmake -E cmake_link_script CMakeFiles/cmTC_f97c0.dir/link.txt --verbose=1]
  ignore line: [/usr/bin/g++  -v -rdynamic CMakeFiles/cmTC_f97c0.dir/CMakeCXXCompilerABI.cpp.o -o cmTC_f97c0 ]
  ignore line: [Using built-in specs.]
  ignore line: [COLLECT_GCC=/usr/bin/g++]
  ignore line: [COLLECT_LTO_WRAPPER=/usr/lib/gcc/x86_64-redhat-linux/10.2.0/libexec/gcc/x86_64-pc-linux-gnu/10.2.0/lto-wrapper]
  ignore line: [Target: x86_64-pc-linux-gnu]
  ignore line: [Configured with: ../gcc-10.2.0/configure --prefix=/usr/lib/gcc/x86_64-redhat-linux/10.2.0/ --enable-checking=release --enable-languages=c c++ --disable-multilib]
  ignore line: [Thread model: posix]
  ignore line: [Supported LTO compression algorithms: zlib]
  ignore line: [gcc version 10.2.0 (GCC) ]
  ignore line: [COMPILER_PATH=/usr/lib/gcc/x86_64-redhat-linux/10.2.0/libexec/gcc/x86_64-pc-linux-gnu/10.2.0/:/usr/lib/gcc/x86_64-redhat-linux/10.2.0/libexec/gcc/x86_64-pc-linux-gnu/10.2.0/:/usr/lib/gcc/x86_64-redhat-linux/10.2.0/libexec/gcc/x86_64-pc-linux-gnu/:/usr/lib/gcc/x86_64-redhat-linux/10.2.0/lib/gcc/x86_64-pc-linux-gnu/10.2.0/:/usr/lib/gcc/x86_64-redhat-linux/10.2.0/lib/gcc/x86_64-pc-linux-gnu/]
  ignore line: [LIBRARY_PATH=/usr/lib/gcc/x86_64-redhat-linux/10.2.0/lib/gcc/x86_64-pc-linux-gnu/10.2.0/:/usr/lib/gcc/x86_64-redhat-linux/10.2.0/lib/gcc/x86_64-pc-linux-gnu/10.2.0/../../../../lib64/:/lib/../lib64/:/usr/lib/../lib64/:/usr/lib/gcc/x86_64-redhat-linux/10.2.0/lib/gcc/x86_64-pc-linux-gnu/10.2.0/../../../:/lib/:/usr/lib/]
  ignore line: [COLLECT_GCC_OPTIONS='-v' '-rdynamic' '-o' 'cmTC_f97c0' '-shared-libgcc' '-mtune=generic' '-march=x86-64']
  link line: [ /usr/lib/gcc/x86_64-redhat-linux/10.2.0/libexec/gcc/x86_64-pc-linux-gnu/10.2.0/collect2 -plugin /usr/lib/gcc/x86_64-redhat-linux/10.2.0/libexec/gcc/x86_64-pc-linux-gnu/10.2.0/liblto_plugin.so -plugin-opt=/usr/lib/gcc/x86_64-redhat-linux/10.2.0/libexec/gcc/x86_64-pc-linux-gnu/10.2.0/lto-wrapper -plugin-opt=-fresolution=/tmp/ccX8yLm4.res -plugin-opt=-pass-through=-lgcc_s -plugin-opt=-pass-through=-lgcc -plugin-opt=-pass-through=-lc -plugin-opt=-pass-through=-lgcc_s -plugin-opt=-pass-through=-lgcc --eh-frame-hdr -m elf_x86_64 -export-dynamic -dynamic-linker /lib64/ld-linux-x86-64.so.2 -o cmTC_f97c0 /lib/../lib64/crt1.o /lib/../lib64/crti.o /usr/lib/gcc/x86_64-redhat-linux/10.2.0/lib/gcc/x86_64-pc-linux-gnu/10.2.0/crtbegin.o -L/usr/lib/gcc/x86_64-redhat-linux/10.2.0/lib/gcc/x86_64-pc-linux-gnu/10.2.0 -L/usr/lib/gcc/x86_64-redhat-linux/10.2.0/lib/gcc/x86_64-pc-linux-gnu/10.2.0/../../../../lib64 -L/lib/../lib64 -L/usr/lib/../lib64 -L/usr/lib/gcc/x86_64-redhat-linux/10.2.0/lib/gcc/x86_64-pc-linux-gnu/10.2.0/../../.. CMakeFiles/cmTC_f97c0.dir/CMakeCXXCompilerABI.cpp.o -lstdc++ -lm -lgcc_s -lgcc -lc -lgcc_s -lgcc /usr/lib/gcc/x86_64-redhat-linux/10.2.0/lib/gcc/x86_64-pc-linux-gnu/10.2.0/crtend.o /lib/../lib64/crtn.o]
    arg [/usr/lib/gcc/x86_64-redhat-linux/10.2.0/libexec/gcc/x86_64-pc-linux-gnu/10.2.0/collect2] ==> ignore
    arg [-plugin] ==> ignore
    arg [/usr/lib/gcc/x86_64-redhat-linux/10.2.0/libexec/gcc/x86_64-pc-linux-gnu/10.2.0/liblto_plugin.so] ==> ignore
    arg [-plugin-opt=/usr/lib/gcc/x86_64-redhat-linux/10.2.0/libexec/gcc/x86_64-pc-linux-gnu/10.2.0/lto-wrapper] ==> ignore
    arg [-plugin-opt=-fresolution=/tmp/ccX8yLm4.res] ==> ignore
    arg [-plugin-opt=-pass-through=-lgcc_s] ==> ignore
    arg [-plugin-opt=-pass-through=-lgcc] ==> ignore
    arg [-plugin-opt=-pass-through=-lc] ==> ignore
    arg [-plugin-opt=-pass-through=-lgcc_s] ==> ignore
    arg [-plugin-opt=-pass-through=-lgcc] ==> ignore
    arg [--eh-frame-hdr] ==> ignore
    arg [-m] ==> ignore
    arg [elf_x86_64] ==> ignore
    arg [-export-dynamic] ==> ignore
    arg [-dynamic-linker] ==> ignore
    arg [/lib64/ld-linux-x86-64.so.2] ==> ignore
    arg [-o] ==> ignore
    arg [cmTC_f97c0] ==> ignore
    arg [/lib/../lib64/crt1.o] ==> ignore
    arg [/lib/../lib64/crti.o] ==> ignore
    arg [/usr/lib/gcc/x86_64-redhat-linux/10.2.0/lib/gcc/x86_64-pc-linux-gnu/10.2.0/crtbegin.o] ==> ignore
    arg [-L/usr/lib/gcc/x86_64-redhat-linux/10.2.0/lib/gcc/x86_64-pc-linux-gnu/10.2.0] ==> dir [/usr/lib/gcc/x86_64-redhat-linux/10.2.0/lib/gcc/x86_64-pc-linux-gnu/10.2.0]
    arg [-L/usr/lib/gcc/x86_64-redhat-linux/10.2.0/lib/gcc/x86_64-pc-linux-gnu/10.2.0/../../../../lib64] ==> dir [/usr/lib/gcc/x86_64-redhat-linux/10.2.0/lib/gcc/x86_64-pc-linux-gnu/10.2.0/../../../../lib64]
    arg [-L/lib/../lib64] ==> dir [/lib/../lib64]
    arg [-L/usr/lib/../lib64] ==> dir [/usr/lib/../lib64]
    arg [-L/usr/lib/gcc/x86_64-redhat-linux/10.2.0/lib/gcc/x86_64-pc-linux-gnu/10.2.0/../../..] ==> dir [/usr/lib/gcc/x86_64-redhat-linux/10.2.0/lib/gcc/x86_64-pc-linux-gnu/10.2.0/../../..]
    arg [CMakeFiles/cmTC_f97c0.dir/CMakeCXXCompilerABI.cpp.o] ==> ignore
    arg [-lstdc++] ==> lib [stdc++]
    arg [-lm] ==> lib [m]
    arg [-lgcc_s] ==> lib [gcc_s]
    arg [-lgcc] ==> lib [gcc]
    arg [-lc] ==> lib [c]
    arg [-lgcc_s] ==> lib [gcc_s]
    arg [-lgcc] ==> lib [gcc]
    arg [/usr/lib/gcc/x86_64-redhat-linux/10.2.0/lib/gcc/x86_64-pc-linux-gnu/10.2.0/crtend.o] ==> ignore
    arg [/lib/../lib64/crtn.o] ==> ignore
  collapse library dir [/usr/lib/gcc/x86_64-redhat-linux/10.2.0/lib/gcc/x86_64-pc-linux-gnu/10.2.0] ==> [/usr/lib/gcc/x86_64-redhat-linux/10.2.0/lib/gcc/x86_64-pc-linux-gnu/10.2.0]
  collapse library dir [/usr/lib/gcc/x86_64-redhat-linux/10.2.0/lib/gcc/x86_64-pc-linux-gnu/10.2.0/../../../../lib64] ==> [/usr/lib/gcc/x86_64-redhat-linux/10.2.0/lib64]
  collapse library dir [/lib/../lib64] ==> [/lib64]
  collapse library dir [/usr/lib/../lib64] ==> [/usr/lib64]
  collapse library dir [/usr/lib/gcc/x86_64-redhat-linux/10.2.0/lib/gcc/x86_64-pc-linux-gnu/10.2.0/../../..] ==> [/usr/lib/gcc/x86_64-redhat-linux/10.2.0/lib]
  implicit libs: [stdc++;m;gcc_s;gcc;c;gcc_s;gcc]
  implicit dirs: [/usr/lib/gcc/x86_64-redhat-linux/10.2.0/lib/gcc/x86_64-pc-linux-gnu/10.2.0;/usr/lib/gcc/x86_64-redhat-linux/10.2.0/lib64;/lib64;/usr/lib64;/usr/lib/gcc/x86_64-redhat-linux/10.2.0/lib]
  implicit fwks: []


